<launch>
  <master type="botherder" />
  <include file="$(find test_ros)/test/test-param-server.xml" />
</launch>
